2024/04/01 19:23:44 Bot started as nightmare_navigator_bot
2024/04/01 19:23:44 getUpdates resp: {"ok":false,"error_code":409,"description":"Conflict: terminated by other getUpdates request; make sure that only one bot instance is running"}
2024/04/01 19:23:44 Conflict: terminated by other getUpdates request; make sure that only one bot instance is running
2024/04/01 19:23:44 Failed to get updates, retrying in 3 seconds...
2024/04/01 19:23:53 getUpdates resp: {"ok":false,"error_code":409,"description":"Conflict: terminated by other getUpdates request; make sure that only one bot instance is running"}
2024/04/01 19:23:53 Conflict: terminated by other getUpdates request; make sure that only one bot instance is running
2024/04/01 19:23:53 Failed to get updates, retrying in 3 seconds...
2024/04/01 19:23:56 getUpdates resp: {"ok":false,"error_code":409,"description":"Conflict: terminated by other getUpdates request; make sure that only one bot instance is running"}
2024/04/01 19:23:56 Conflict: terminated by other getUpdates request; make sure that only one bot instance is running
2024/04/01 19:23:56 Failed to get updates, retrying in 3 seconds...
2024/04/01 19:24:05 getUpdates resp: {"ok":false,"error_code":409,"description":"Conflict: terminated by other getUpdates request; make sure that only one bot instance is running"}
2024/04/01 19:24:05 Conflict: terminated by other getUpdates request; make sure that only one bot instance is running
2024/04/01 19:24:05 Failed to get updates, retrying in 3 seconds...
2024/04/01 19:24:08 getUpdates resp: {"ok":false,"error_code":409,"description":"Conflict: terminated by other getUpdates request; make sure that only one bot instance is running"}
2024/04/01 19:24:08 Conflict: terminated by other getUpdates request; make sure that only one bot instance is running
2024/04/01 19:24:08 Failed to get updates, retrying in 3 seconds...
2024/04/01 19:24:17 getUpdates resp: {"ok":false,"error_code":409,"description":"Conflict: terminated by other getUpdates request; make sure that only one bot instance is running"}
2024/04/01 19:24:17 Conflict: terminated by other getUpdates request; make sure that only one bot instance is running
2024/04/01 19:24:17 Failed to get updates, retrying in 3 seconds...
2024/04/01 19:24:20 getUpdates resp: {"ok":false,"error_code":409,"description":"Conflict: terminated by other getUpdates request; make sure that only one bot instance is running"}
2024/04/01 19:24:20 Conflict: terminated by other getUpdates request; make sure that only one bot instance is running
2024/04/01 19:24:20 Failed to get updates, retrying in 3 seconds...
2024/04/01 19:23:47 getUpdates resp: {"ok":false,"error_code":409,"description":"Conflict: terminated by other getUpdates request; make sure that only one bot instance is running"}
2024/04/01 19:23:47 Conflict: terminated by other getUpdates request; make sure that only one bot instance is running
2024/04/01 19:23:47 Failed to get updates, retrying in 3 seconds...
2024/04/01 19:23:50 getUpdates resp: {"ok":false,"error_code":409,"description":"Conflict: terminated by other getUpdates request; make sure that only one bot instance is running"}
2024/04/01 19:23:50 Conflict: terminated by other getUpdates request; make sure that only one bot instance is running
2024/04/01 19:23:50 Failed to get updates, retrying in 3 seconds...
2024/04/01 19:23:59 getUpdates resp: {"ok":false,"error_code":409,"description":"Conflict: terminated by other getUpdates request; make sure that only one bot instance is running"}
2024/04/01 19:23:59 Conflict: terminated by other getUpdates request; make sure that only one bot instance is running
2024/04/01 19:23:59 Failed to get updates, retrying in 3 seconds...
2024/04/01 19:24:02 getUpdates resp: {"ok":false,"error_code":409,"description":"Conflict: terminated by other getUpdates request; make sure that only one bot instance is running"}
2024/04/01 19:24:02 Conflict: terminated by other getUpdates request; make sure that only one bot instance is running
2024/04/01 19:24:02 Failed to get updates, retrying in 3 seconds...
2024/04/01 19:24:11 getUpdates resp: {"ok":false,"error_code":409,"description":"Conflict: terminated by other getUpdates request; make sure that only one bot instance is running"}
2024/04/01 19:24:11 Conflict: terminated by other getUpdates request; make sure that only one bot instance is running
2024/04/01 19:24:11 Failed to get updates, retrying in 3 seconds...
2024/04/01 19:24:14 getUpdates resp: {"ok":false,"error_code":409,"description":"Conflict: terminated by other getUpdates request; make sure that only one bot instance is running"}
2024/04/01 19:24:14 Conflict: terminated by other getUpdates request; make sure that only one bot instance is running
2024/04/01 19:24:14 Failed to get updates, retrying in 3 seconds...
by other getUpdates request; make sure that only one bot instance is running"}
2024/04/01 19:24:05 Conflict: terminated by other getUpdates request; make sure that only one bot instance is running
2024/04/01 19:24:05 Failed to get updates, retrying in 3 seconds...
2024/04/01 19:24:11 getUpdates resp: {"ok":false,"error_code":409,"description":"Conflict: terminated by other getUpdates request; make sure that only one bot instance is running"}
2024/04/01 19:24:11 Conflict: terminated by other getUpdates request; make sure that only one bot instance is running
2024/04/01 19:24:11 Failed to get updates, retrying in 3 seconds...
2024/04/01 19:24:17 getUpdates resp: {"ok":false,"error_code":409,"description":"Conflict: terminated by other getUpdates request; make sure that only one bot instance is running"}
2024/04/01 19:24:17 Conflict: terminated by other getUpdates request; make sure that only one bot instance is running
2024/04/01 19:24:17 Failed to get updates, retrying in 3 seconds...
